- [2021-10-20 19:32:20.754] [INFO] :: GET | /api/products/ | query_parameters: {} | headers: {"user_token":"###############################################################################################################################################################","user-agent":"PostmanRuntime/7.28.4","accept":"*/*","postman-token":"f1a73958-d6f4-4a96-afae-e4519b48bbad","host":"localhost:3000","accept-encoding":"gzip, deflate, br","connection":"keep-alive"}
- [2021-10-20 19:32:20.763] [DEBUG] :: GET | /api/products/ | body: {}
- [2021-10-20 19:32:20.788] [DEBUG] :: GET | /api/products/ | query: SELECT * FROM Products
- [2021-10-20 19:32:20.792] [DEBUG] :: GET | /api/products/ | method_name: res.status(200).json() | method_parameters: {"message":"All products fetched successfully.","data":[{"id":1,"name":"Colgate Luminous White 125 ml","description":"Whitening toothpaste.","price":"2","price_per_kg":null,"stock":10,"require_id_to_sell":false,"createdAt":"2021-10-17T04:02:10.305Z","updatedAt":"2021-10-17T04:02:10.305Z"},{"id":2,"name":"Vanilla Coca-Cola","description":"Vanilla flavored Coca-Cola soda. Limited edition.","price":"1.5","price_per_kg":null,"stock":30,"require_id_to_sell":false,"createdAt":"2021-10-17T04:02:10.305Z","updatedAt":"2021-10-17T04:02:10.305Z"},{"id":3,"name":"Oranges","description":"Bulk fresh oranges.","price":null,"price_per_kg":"3.98","stock":150,"require_id_to_sell":false,"createdAt":"2021-10-17T04:02:10.305Z","updatedAt":"2021-10-17T04:02:10.305Z"},{"id":4,"name":"Some prescripted drug","description":"Medical prescription and id card required to sell this product.","price":"45","price_per_kg":null,"stock":5,"require_id_to_sell":true,"createdAt":"2021-10-17T04:02:10.305Z","updatedAt":"2021-10-17T04:02:10.305Z"},{"id":6,"name":"test_name3","description":"test_description3","price":"999","price_per_kg":null,"stock":999,"require_id_to_sell":true,"createdAt":"2021-10-17T23:14:25.756Z","updatedAt":"2021-10-17T23:14:25.756Z"},{"id":13,"name":"test_name5","description":"test_description3","price":"999","price_per_kg":null,"stock":999,"require_id_to_sell":true,"createdAt":"2021-10-17T23:26:55.576Z","updatedAt":"2021-10-17T23:26:55.576Z"},{"id":21,"name":"test_name20","description":"test_description3","price":"999","price_per_kg":null,"stock":999,"require_id_to_sell":true,"createdAt":"2021-10-18T00:47:00.932Z","updatedAt":"2021-10-18T00:47:00.932Z"},{"id":23,"name":"test_name50","description":"test_description3","price":"999","price_per_kg":null,"stock":999,"require_id_to_sell":true,"createdAt":"2021-10-18T00:48:13.504Z","updatedAt":"2021-10-18T00:48:13.504Z"},{"id":26,"name":"test_name100","description":"test_description100","price":"999","price_per_kg":null,"stock":999,"require_id_to_sell":true,"createdAt":"2021-10-18T00:50:02.461Z","updatedAt":"2021-10-18T00:50:02.461Z"},{"id":27,"name":"test_name101","description":"test_description100","price":"999","price_per_kg":null,"stock":999,"require_id_to_sell":true,"createdAt":"2021-10-18T00:50:25.355Z","updatedAt":"2021-10-18T00:50:25.355Z"},{"id":31,"name":"test_name102","description":"test_description102","price":"999","price_per_kg":null,"stock":999,"require_id_to_sell":true,"createdAt":"2021-10-18T03:26:25.374Z","updatedAt":"2021-10-18T03:26:25.374Z"},{"id":32,"name":"test_name103","description":"test_description103","price":"999","price_per_kg":null,"stock":999,"require_id_to_sell":true,"createdAt":"2021-10-18T03:30:51.254Z","updatedAt":"2021-10-18T03:30:51.254Z"},{"id":10,"name":"test_name_updated","description":"test_description_updated","price":"999","price_per_kg":null,"stock":999,"require_id_to_sell":true,"createdAt":"2021-10-17T23:26:23.057Z","updatedAt":"2021-10-20T00:06:38.072Z"}]}
- [2021-10-20 19:33:53.421] [INFO] :: GET | /api/products/50 | query_parameters: {} | headers: {"user_token":"###############################################################################################################################################################","user-agent":"PostmanRuntime/7.28.4","accept":"*/*","postman-token":"927201ac-4bbd-4d95-8200-cac294f3c4fb","host":"localhost:3000","accept-encoding":"gzip, deflate, br","connection":"keep-alive"}
- [2021-10-20 19:33:53.421] [DEBUG] :: GET | /api/products/50 | body: {}
- [2021-10-20 19:33:53.430] [DEBUG] :: GET | /api/products/50 | query: SELECT * FROM Products WHERE id = 50
- [2021-10-20 19:33:53.431] [WARN] :: GET | /api/products/50 | validation_error: Could not find a product with that id.
- [2021-10-20 19:38:32.606] [INFO] :: GET | /api/products/50 | query_parameters: {} | headers: {"user_token":"###############################################################################################################################################################","user-agent":"PostmanRuntime/7.28.4","accept":"*/*","postman-token":"ef8cf36e-0614-415c-b14f-e5d948189c61","host":"localhost:3000","accept-encoding":"gzip, deflate, br","connection":"keep-alive"}
- [2021-10-20 19:38:32.606] [DEBUG] :: GET | /api/products/50 | body: {}
- [2021-10-20 19:38:32.617] [ERROR] :: GET | error_message: Something went wrong while fetching a product. | stack_trace: SequelizeConnectionRefusedError: connect ECONNREFUSED 127.0.0.1:5432
    at Client.connection.connect.err [as _connectionCallback] (/home/juan/Documents/Rest_Market/node_modules/sequelize/lib/dialects/postgres/connection-manager.js:172:24)
    at Client._handleErrorWhileConnecting (/home/juan/Documents/Rest_Market/node_modules/pg/lib/client.js:305:19)
    at Client._handleErrorEvent (/home/juan/Documents/Rest_Market/node_modules/pg/lib/client.js:315:19)
    at Connection.emit (events.js:198:13)
    at Socket.reportStreamError (/home/juan/Documents/Rest_Market/node_modules/pg/lib/connection.js:52:12)
    at Socket.emit (events.js:198:13)
    at emitErrorNT (internal/streams/destroy.js:91:8)
    at emitErrorAndCloseNT (internal/streams/destroy.js:59:3)
    at process._tickCallback (internal/process/next_tick.js:63:19)
